<?xml version="1.0" encoding="UTF-8"?>
<!-- Generated by org.testng.reporters.JUnitReportReporter -->
<testsuite skipped="0" hostname="DESKTOP-S2RS0DN" name="ChromeBrowserTest" tests="1" failures="0" timestamp="28 Aug 2020 00:44:11 GMT" time="15.605" errors="0">
  <testcase name="chromeBrowser" time="15.605" classname="ChromeBrowserTest"/>
</testsuite> <!-- ChromeBrowserTest -->
