<?xml version="1.0" encoding="UTF-8"?>
<!-- Generated by org.testng.reporters.JUnitReportReporter -->
<testsuite skipped="0" hostname="DESKTOP-S2RS0DN" name="ChromeBrowserTest" tests="1" failures="0" timestamp="27 Aug 2020 04:09:36 GMT" time="14.670" errors="0">
  <testcase name="chromeBrowser" time="14.670" classname="ChromeBrowserTest"/>
</testsuite> <!-- ChromeBrowserTest -->
